<?xml version="1.0" encoding="UTF-8"?>
<!-- Generated by org.testng.reporters.JUnitReportReporter -->
<testsuite skipped="0" hostname="L-286" name="TestCase.TestCaseLogin" tests="1" failures="0" timestamp="2022-03-30T15:52:09 ICT" time="12.853" errors="0">
  <testcase name="loginSuccess" time="12.853" classname="TestCase.TestCaseLogin"/>
  <system-out/>
</testsuite> <!-- TestCase.TestCaseLogin -->
